{"level":"info","message":"Mock utils initialized with modelsFiles","modelsFiles":["Setting","Admin","AdminPassword","Sponsor","Task","Memory","BackendProposal"],"timestamp":"2025-04-23T00:09:19.713Z"}
{"level":"info","message":"Initializing CRUD controller for Setting","timestamp":"2025-04-23T00:09:19.719Z"}
{"level":"info","message":"Mock utils initialized with modelsFiles","modelsFiles":["Setting","Admin","AdminPassword","Sponsor","Task","Memory","BackendProposal"],"timestamp":"2025-04-23T00:17:19.175Z"}
{"level":"info","message":"Initializing CRUD controller for Setting","timestamp":"2025-04-23T00:17:19.180Z"}
{"level":"info","message":"Mock utils initialized with modelsFiles","modelsFiles":["Setting","Admin","AdminPassword","Sponsor","Task","Memory","BackendProposal"],"timestamp":"2025-04-23T00:28:39.051Z"}
{"level":"info","message":"Initializing CRUD controller for Setting","timestamp":"2025-04-23T00:28:39.057Z"}
{"level":"info","message":"Mock utils initialized with modelsFiles","modelsFiles":["Setting","Admin","AdminPassword","Sponsor","Task","Memory","BackendProposal"],"timestamp":"2025-04-23T00:37:07.593Z"}
{"level":"info","message":"Initializing CRUD controller for Setting","timestamp":"2025-04-23T00:37:07.602Z"}
{"level":"info","message":"Mock utils initialized with modelsFiles","modelsFiles":["Setting","Admin","AdminPassword","Sponsor","Task","Memory","BackendProposal"],"timestamp":"2025-04-23T00:40:20.747Z"}
{"level":"info","message":"Initializing CRUD controller for Setting","timestamp":"2025-04-23T00:40:20.753Z"}
{"level":"info","message":"Mock utils initialized with modelsFiles","modelsFiles":["Setting","Admin","AdminPassword","Sponsor","Task","Memory","BackendProposal"],"timestamp":"2025-04-23T00:43:41.862Z"}
{"level":"info","message":"Initializing CRUD controller for Setting","timestamp":"2025-04-23T00:43:41.869Z"}
{"level":"info","message":"Initializing CRUD controller for Setting","timestamp":"2025-04-23T00:47:41.426Z"}
{"level":"info","message":"Mock utils initialized with modelsFiles","modelsFiles":["Setting","Admin","AdminPassword","Sponsor","Task","Memory","BackendProposal"],"timestamp":"2025-04-23T00:47:41.418Z"}
{"level":"info","message":"Mock utils initialized with modelsFiles","modelsFiles":["Setting","Admin","AdminPassword","Sponsor","Task","Memory","BackendProposal"],"timestamp":"2025-04-23T00:53:05.462Z"}
{"level":"info","message":"Initializing CRUD controller for Setting","timestamp":"2025-04-23T00:53:05.471Z"}
{"level":"info","message":"Initializing CRUD controller for Setting","timestamp":"2025-04-23T00:59:01.661Z"}
{"level":"info","message":"Mock utils initialized with modelsFiles","modelsFiles":["Setting","Admin","AdminPassword","Sponsor","Task","Memory","BackendProposal"],"timestamp":"2025-04-23T00:59:01.652Z"}
{"level":"info","message":"Mock utils initialized with modelsFiles","modelsFiles":["Setting","Admin","AdminPassword","Sponsor","Task","Memory","BackendProposal"],"timestamp":"2025-04-23T01:02:17.566Z"}
{"level":"info","message":"Initializing CRUD controller for Setting","timestamp":"2025-04-23T01:02:17.573Z"}
{"level":"info","message":"Mock utils initialized with modelsFiles","modelsFiles":["Setting","Admin","AdminPassword","Sponsor","Task","Memory","BackendProposal"],"timestamp":"2025-04-23T01:05:57.163Z"}
{"level":"info","message":"Initializing CRUD controller for Setting","timestamp":"2025-04-23T01:05:57.171Z"}
{"level":"info","message":"Mock utils initialized with modelsFiles","modelsFiles":["Setting","Admin","AdminPassword","Sponsor","Task","Memory","BackendProposal"],"timestamp":"2025-04-23T01:09:01.138Z"}
{"level":"info","message":"Initializing CRUD controller for Setting","timestamp":"2025-04-23T01:09:01.145Z"}
{"level":"info","message":"Mock utils initialized with modelsFiles","modelsFiles":["Setting","Admin","AdminPassword","Sponsor","Task","Memory","BackendProposal"],"timestamp":"2025-04-23T01:19:51.230Z"}
{"level":"info","message":"Initializing CRUD controller for Setting","timestamp":"2025-04-23T01:19:51.237Z"}
{"level":"info","message":"Mock utils initialized with modelsFiles","modelsFiles":["Setting","Admin","AdminPassword","Sponsor","Task","Memory","BackendProposal"],"timestamp":"2025-04-23T01:25:26.324Z"}
{"level":"info","message":"Initializing CRUD controller for Setting","timestamp":"2025-04-23T01:25:26.333Z"}
{"level":"info","message":"Mock utils initialized with modelsFiles","modelsFiles":["Setting","Admin","AdminPassword","Sponsor","Task","Memory","BackendProposal"],"timestamp":"2025-04-23T01:31:36.381Z"}
{"level":"info","message":"Initializing CRUD controller for Setting","timestamp":"2025-04-23T01:31:36.388Z"}
{"level":"info","message":"Mock utils initialized with modelsFiles","modelsFiles":["Setting","Admin","AdminPassword","Sponsor","Task","Memory","BackendProposal"],"timestamp":"2025-04-23T03:26:34.548Z"}
{"level":"info","message":"Initializing CRUD controller for Setting","timestamp":"2025-04-23T03:26:34.554Z"}
{"level":"info","message":"Mock utils initialized with modelsFiles","modelsFiles":["Setting","Admin","AdminPassword","Sponsor","Task","Memory","BackendProposal"],"timestamp":"2025-04-23T12:45:48.689Z"}
{"level":"info","message":"Initializing CRUD controller for Setting","timestamp":"2025-04-23T12:45:48.695Z"}
{"level":"info","message":"Mock utils initialized with modelsFiles","modelsFiles":["Setting","Admin","AdminPassword","Sponsor","Task","Memory","BackendProposal"],"timestamp":"2025-04-23T23:38:19.030Z"}
{"level":"info","message":"Initializing CRUD controller for Setting","timestamp":"2025-04-23T23:38:19.037Z"}
{"level":"info","message":"Mock utils initialized with modelsFiles","modelsFiles":["Setting","Admin","AdminPassword","Sponsor","Task","Memory","BackendProposal"],"timestamp":"2025-04-24T00:06:20.968Z"}
{"level":"info","message":"Initializing CRUD controller for Setting","timestamp":"2025-04-24T00:06:20.974Z"}
{"level":"info","message":"Mock utils initialized with modelsFiles","modelsFiles":["Setting","Admin","AdminPassword","Sponsor","Task","Memory","BackendProposal"],"timestamp":"2025-04-24T00:52:34.551Z"}
{"level":"info","message":"Initializing CRUD controller for Setting","timestamp":"2025-04-24T00:52:34.558Z"}
{"level":"info","message":"Mock utils initialized with modelsFiles","modelsFiles":["Setting","Admin","AdminPassword","Sponsor","Task","Memory","BackendProposal"],"timestamp":"2025-04-24T01:03:45.177Z"}
{"level":"info","message":"Initializing CRUD controller for Setting","timestamp":"2025-04-24T01:03:45.185Z"}
{"level":"info","message":"Mock utils initialized with modelsFiles","modelsFiles":["Setting","Admin","AdminPassword","Sponsor","Task","Memory","BackendProposal"],"timestamp":"2025-04-24T01:11:13.587Z"}
{"level":"info","message":"Initializing CRUD controller for Setting","timestamp":"2025-04-24T01:11:13.593Z"}
{"level":"info","message":"Mock utils initialized with modelsFiles","modelsFiles":["Setting","Admin","AdminPassword","Sponsor","Task","Memory","BackendProposal"],"timestamp":"2025-04-24T01:21:08.128Z"}
{"level":"info","message":"Initializing CRUD controller for Setting","timestamp":"2025-04-24T01:21:08.136Z"}
{"level":"info","message":"Mock utils initialized with modelsFiles","modelsFiles":["Setting","Admin","AdminPassword","Sponsor","Task","Memory","BackendProposal"],"timestamp":"2025-04-24T01:31:31.248Z"}
{"level":"info","message":"Initializing CRUD controller for Setting","timestamp":"2025-04-24T01:31:31.255Z"}
{"level":"info","message":"Mock utils initialized with modelsFiles","modelsFiles":["Setting","Admin","AdminPassword","Sponsor","Task","Memory","BackendProposal"],"timestamp":"2025-04-24T01:40:19.079Z"}
{"level":"info","message":"Initializing CRUD controller for Setting","timestamp":"2025-04-24T01:40:19.086Z"}
{"level":"info","message":"Mock utils initialized with modelsFiles","modelsFiles":["Setting","Admin","AdminPassword","Sponsor","Task","Memory","BackendProposal"],"timestamp":"2025-04-24T01:45:22.227Z"}
{"level":"info","message":"Initializing CRUD controller for Setting","timestamp":"2025-04-24T01:45:22.235Z"}
{"level":"info","message":"Mock utils initialized with modelsFiles","modelsFiles":["Setting","Admin","AdminPassword","Sponsor","Task","Memory","BackendProposal"],"timestamp":"2025-04-24T01:51:17.637Z"}
{"level":"info","message":"Initializing CRUD controller for Setting","timestamp":"2025-04-24T01:51:17.644Z"}
{"level":"info","message":"Mock utils initialized with modelsFiles","modelsFiles":["Setting","Admin","AdminPassword","Sponsor","Task","Memory","BackendProposal"],"timestamp":"2025-04-24T01:57:42.763Z"}
{"level":"info","message":"Initializing CRUD controller for Setting","timestamp":"2025-04-24T01:57:42.771Z"}
{"level":"info","message":"Mock utils initialized with modelsFiles","modelsFiles":["Setting","Admin","AdminPassword","Sponsor","Task","Memory","BackendProposal"],"timestamp":"2025-04-24T02:07:21.773Z"}
{"level":"info","message":"Initializing CRUD controller for Setting","timestamp":"2025-04-24T02:07:21.778Z"}
{"level":"info","message":"Mock utils initialized with modelsFiles","modelsFiles":["Setting","Admin","AdminPassword","Sponsor","Task","Memory","BackendProposal"],"timestamp":"2025-04-24T02:10:52.088Z"}
{"level":"info","message":"Initializing CRUD controller for Setting","timestamp":"2025-04-24T02:10:52.094Z"}
{"level":"info","message":"Mock utils initialized with modelsFiles","modelsFiles":["Setting","Admin","AdminPassword","Sponsor","Task","Memory","BackendProposal"],"timestamp":"2025-04-24T02:22:05.819Z"}
{"level":"info","message":"Initializing CRUD controller for Setting","timestamp":"2025-04-24T02:22:05.825Z"}
{"level":"info","message":"Mock utils initialized with modelsFiles","modelsFiles":["Setting","Admin","AdminPassword","Sponsor","Task","Memory","BackendProposal"],"timestamp":"2025-04-24T02:31:28.636Z"}
{"level":"info","message":"Initializing CRUD controller for Setting","timestamp":"2025-04-24T02:31:28.644Z"}
{"level":"info","message":"Mock utils initialized with modelsFiles","modelsFiles":["Setting","Admin","AdminPassword","Sponsor","Task","Memory","BackendProposal"],"timestamp":"2025-04-25T07:34:31.542Z"}
{"level":"info","message":"Initializing CRUD controller for Setting","timestamp":"2025-04-25T07:34:31.552Z"}
{"level":"info","message":"Mock utils initialized with modelsFiles","modelsFiles":["Setting","Admin","AdminPassword","Sponsor","Task","Memory","BackendProposal"],"timestamp":"2025-04-25T12:34:15.255Z"}
{"level":"info","message":"Initializing CRUD controller for Setting","timestamp":"2025-04-25T12:34:15.262Z"}
{"level":"info","message":"Initializing CRUD controller for Setting","timestamp":"2025-04-25T12:35:20.180Z"}
{"level":"info","message":"Mock utils initialized with modelsFiles","modelsFiles":["Setting","Admin","AdminPassword","Sponsor","Task","Memory","BackendProposal"],"timestamp":"2025-04-25T12:35:20.171Z"}
{"level":"info","message":"Mock utils initialized with modelsFiles","modelsFiles":["Setting","Admin","AdminPassword","Sponsor","Task","Memory","BackendProposal"],"timestamp":"2025-04-25T12:43:36.682Z"}
{"level":"info","message":"Initializing CRUD controller for Setting","timestamp":"2025-04-25T12:43:36.690Z"}
{"level":"info","message":"Initializing CRUD controller for Setting","timestamp":"2025-04-25T12:52:33.158Z"}
{"level":"info","message":"Mock utils initialized with modelsFiles","modelsFiles":["Setting","Admin","AdminPassword","Sponsor","Task","Memory","BackendProposal"],"timestamp":"2025-04-25T12:52:33.150Z"}
{"level":"info","message":"Mock utils initialized with modelsFiles","modelsFiles":["Setting","Admin","AdminPassword","Sponsor","Task","Memory","BackendProposal"],"timestamp":"2025-04-25T13:01:20.193Z"}
{"level":"info","message":"Initializing CRUD controller for Setting","timestamp":"2025-04-25T13:01:20.202Z"}
{"level":"info","message":"Mock utils initialized with modelsFiles","modelsFiles":["Setting","Admin","AdminPassword","Sponsor","Task","Memory","BackendProposal"],"timestamp":"2025-04-25T13:08:05.438Z"}
{"level":"info","message":"Initializing CRUD controller for Setting","timestamp":"2025-04-25T13:08:05.446Z"}
{"level":"info","message":"Mock utils initialized with modelsFiles","modelsFiles":["Setting","Admin","AdminPassword","Sponsor","Task","Memory","BackendProposal"],"timestamp":"2025-04-25T13:18:10.936Z"}
{"level":"info","message":"Initializing CRUD controller for Setting","timestamp":"2025-04-25T13:18:10.947Z"}
{"level":"info","message":"Mock utils initialized with modelsFiles","modelsFiles":["Setting","Admin","AdminPassword","Sponsor","Task","Memory","BackendProposal"],"timestamp":"2025-04-25T13:26:09.199Z"}
{"level":"info","message":"Initializing CRUD controller for Setting","timestamp":"2025-04-25T13:26:09.206Z"}
{"level":"info","message":"Mock utils initialized with modelsFiles","modelsFiles":["Setting","Admin","AdminPassword","Sponsor","Task","Memory","BackendProposal"],"timestamp":"2025-04-25T13:34:53.348Z"}
{"level":"info","message":"Initializing CRUD controller for Setting","timestamp":"2025-04-25T13:34:53.355Z"}
{"level":"info","message":"Mock utils initialized with modelsFiles","modelsFiles":["Setting","Admin","AdminPassword","Sponsor","Task","Memory","BackendProposal"],"timestamp":"2025-04-25T13:37:32.389Z"}
{"level":"info","message":"Initializing CRUD controller for Setting","timestamp":"2025-04-25T13:37:32.396Z"}
{"level":"info","message":"Initializing CRUD controller for Setting","timestamp":"2025-04-25T19:14:49.470Z"}
{"level":"info","message":"Mock utils initialized with modelsFiles","modelsFiles":["Setting","Admin","AdminPassword","Sponsor","Task","Memory","BackendProposal"],"timestamp":"2025-04-25T19:14:49.463Z"}
{"level":"info","message":"Mock utils initialized with modelsFiles","modelsFiles":["Setting","Admin","AdminPassword","Sponsor","Task","Memory","BackendProposal"],"timestamp":"2025-04-25T19:20:01.693Z"}
{"level":"info","message":"Initializing CRUD controller for Setting","timestamp":"2025-04-25T19:20:01.699Z"}
{"level":"info","message":"Mock utils initialized with modelsFiles","modelsFiles":["Setting","Admin","AdminPassword","Sponsor","Task","Memory","BackendProposal"],"timestamp":"2025-04-25T19:25:56.168Z"}
{"level":"info","message":"Initializing CRUD controller for Setting","timestamp":"2025-04-25T19:25:56.174Z"}
{"level":"info","message":"Mock utils initialized with modelsFiles","modelsFiles":["Setting","Admin","AdminPassword","Sponsor","Task","Memory","BackendProposal"],"timestamp":"2025-04-25T19:45:55.764Z"}
{"level":"info","message":"Initializing CRUD controller for Setting","timestamp":"2025-04-25T19:45:55.769Z"}
{"level":"info","message":"Initializing CRUD controller for Setting","timestamp":"2025-04-25T19:57:43.805Z"}
{"level":"info","message":"Mock utils initialized with modelsFiles","modelsFiles":["Setting","Admin","AdminPassword","Sponsor","Task","Memory","BackendProposal"],"timestamp":"2025-04-25T19:57:43.800Z"}
{"level":"info","message":"Mock utils initialized with modelsFiles","modelsFiles":["Setting","Admin","AdminPassword","Sponsor","Task","Memory","BackendProposal"],"timestamp":"2025-04-25T20:29:35.786Z"}
{"level":"info","message":"Initializing CRUD controller for Setting","timestamp":"2025-04-25T20:29:35.793Z"}
{"level":"info","message":"Mock utils initialized with modelsFiles","modelsFiles":["Setting","Admin","AdminPassword","Sponsor","Task","Memory","BackendProposal"],"timestamp":"2025-04-25T20:37:48.540Z"}
{"level":"info","message":"Initializing CRUD controller for Setting","timestamp":"2025-04-25T20:37:48.545Z"}
{"level":"info","message":"Mock utils initialized with modelsFiles","modelsFiles":["Setting","Admin","AdminPassword","Sponsor","Task","Memory","BackendProposal"],"timestamp":"2025-04-26T15:22:21.938Z"}
{"level":"info","message":"Initializing CRUD controller for Setting","timestamp":"2025-04-26T15:22:21.954Z"}
{"level":"info","message":"Mock utils initialized with modelsFiles","modelsFiles":["Setting","Admin","AdminPassword","Sponsor","Task","Memory","BackendProposal"],"timestamp":"2025-04-26T15:29:02.672Z"}
{"level":"info","message":"Initializing CRUD controller for Setting","timestamp":"2025-04-26T15:29:02.679Z"}
{"level":"info","message":"Mock utils initialized with modelsFiles","modelsFiles":["Setting","Admin","AdminPassword","Sponsor","Task","Memory","BackendProposal"],"timestamp":"2025-04-28T13:22:56.774Z"}
{"level":"info","message":"Initializing CRUD controller for Setting","timestamp":"2025-04-28T13:22:56.788Z"}
{"level":"info","message":"Mock utils initialized with modelsFiles","modelsFiles":["Setting","Admin","AdminPassword","Sponsor","Task","Memory","BackendProposal"],"timestamp":"2025-04-28T16:30:40.428Z"}
{"level":"info","message":"Initializing CRUD controller for Setting","timestamp":"2025-04-28T16:30:40.434Z"}
{"level":"info","message":"Mock utils initialized with modelsFiles","modelsFiles":["Setting","Admin","AdminPassword","Sponsor","Task","Memory","BackendProposal"],"timestamp":"2025-04-28T16:32:41.513Z"}
{"level":"info","message":"Initializing CRUD controller for Setting","timestamp":"2025-04-28T16:32:41.519Z"}
{"level":"info","message":"Mock utils initialized with modelsFiles","modelsFiles":["Setting","Admin","AdminPassword","Sponsor","Task","Memory","BackendProposal"],"timestamp":"2025-04-28T16:45:24.689Z"}
{"level":"info","message":"Initializing CRUD controller for Setting","timestamp":"2025-04-28T16:45:24.696Z"}
{"level":"error","message":"Server Error: mongoose is not defined","method":"POST","stack":"ReferenceError: mongoose is not defined\n    at C:\\Users\\nthorpe\\Desktop\\crm\\idurar-erp-crm\\backend\\src\\routes\\taskRoutes.js:74:41\n    at Layer.handleRequest (C:\\Users\\nthorpe\\Desktop\\crm\\idurar-erp-crm\\backend\\node_modules\\router\\lib\\layer.js:152:17)\n    at next (C:\\Users\\nthorpe\\Desktop\\crm\\idurar-erp-crm\\backend\\node_modules\\router\\lib\\route.js:157:13)\n    at Route.dispatch (C:\\Users\\nthorpe\\Desktop\\crm\\idurar-erp-crm\\backend\\node_modules\\router\\lib\\route.js:117:3)\n    at handle (C:\\Users\\nthorpe\\Desktop\\crm\\idurar-erp-crm\\backend\\node_modules\\router\\index.js:435:11)\n    at Layer.handleRequest (C:\\Users\\nthorpe\\Desktop\\crm\\idurar-erp-crm\\backend\\node_modules\\router\\lib\\layer.js:152:17)\n    at C:\\Users\\nthorpe\\Desktop\\crm\\idurar-erp-crm\\backend\\node_modules\\router\\index.js:295:15\n    at processParams (C:\\Users\\nthorpe\\Desktop\\crm\\idurar-erp-crm\\backend\\node_modules\\router\\index.js:582:12)\n    at next (C:\\Users\\nthorpe\\Desktop\\crm\\idurar-erp-crm\\backend\\node_modules\\router\\index.js:291:5)\n    at Function.handle (C:\\Users\\nthorpe\\Desktop\\crm\\idurar-erp-crm\\backend\\node_modules\\router\\index.js:186:3)","status":500,"timestamp":"2025-04-28T16:46:16.716Z","url":"/api/grok/edit"}
{"level":"info","message":"Mock utils initialized with modelsFiles","modelsFiles":["Setting","Admin","AdminPassword","Sponsor","Task","Memory","BackendProposal"],"timestamp":"2025-04-28T17:06:13.206Z"}
{"level":"info","message":"Initializing CRUD controller for Setting","timestamp":"2025-04-28T17:06:13.214Z"}
{"level":"info","message":"Mock utils initialized with modelsFiles","modelsFiles":["Setting","Admin","AdminPassword","Sponsor","Task","Memory","BackendProposal"],"timestamp":"2025-04-28T19:04:03.965Z"}
{"level":"info","message":"Initializing CRUD controller for Setting","timestamp":"2025-04-28T19:04:03.972Z"}
{"level":"info","message":"Initializing CRUD controller for Setting","timestamp":"2025-04-28T19:18:42.288Z"}
{"level":"info","message":"Mock utils initialized with modelsFiles","modelsFiles":["Setting","Admin","AdminPassword","Sponsor","Task","Memory","BackendProposal"],"timestamp":"2025-04-28T19:18:42.280Z"}
{"level":"info","message":"Mock utils initialized with modelsFiles","modelsFiles":["Setting","Admin","AdminPassword","Sponsor","Task","Memory","BackendProposal"],"timestamp":"2025-04-28T19:34:19.465Z"}
{"level":"info","message":"Initializing CRUD controller for Setting","timestamp":"2025-04-28T19:34:19.474Z"}
{"level":"error","message":"Server Error: getIO(...).emit is not a function","method":"POST","stack":"TypeError: getIO(...).emit is not a function\n    at C:\\Users\\nthorpe\\Desktop\\crm\\idurar-erp-crm\\backend\\src\\routes\\taskRoutes.js:92:13\n    at process.processTicksAndRejections (node:internal/process/task_queues:95:5)","status":500,"timestamp":"2025-04-28T19:35:02.266Z","url":"/api/grok/edit"}
{"level":"error","message":"Server Error: getIO(...).emit is not a function","method":"POST","stack":"TypeError: getIO(...).emit is not a function\n    at C:\\Users\\nthorpe\\Desktop\\crm\\idurar-erp-crm\\backend\\src\\routes\\taskRoutes.js:92:13\n    at process.processTicksAndRejections (node:internal/process/task_queues:95:5)","status":500,"timestamp":"2025-04-28T19:36:07.305Z","url":"/api/grok/edit"}
{"level":"info","message":"Mock utils initialized with modelsFiles","modelsFiles":["Setting","Admin","AdminPassword","Sponsor","Task","Memory","BackendProposal"],"timestamp":"2025-04-28T19:46:07.301Z"}
{"level":"info","message":"Initializing CRUD controller for Setting","timestamp":"2025-04-28T19:46:07.310Z"}
{"level":"info","message":"Mock utils initialized with modelsFiles","modelsFiles":["Setting","Admin","AdminPassword","Sponsor","Task","Memory","BackendProposal"],"timestamp":"2025-04-28T19:56:30.392Z"}
{"level":"info","message":"Initializing CRUD controller for Setting","timestamp":"2025-04-28T19:56:30.400Z"}
{"level":"info","message":"Initializing CRUD controller for Setting","timestamp":"2025-04-28T21:46:20.164Z"}
{"level":"info","message":"Mock utils initialized with modelsFiles","modelsFiles":["Setting","Admin","AdminPassword","Sponsor","Task","Memory","BackendProposal"],"timestamp":"2025-04-28T21:46:20.156Z"}
{"level":"info","message":"Initializing CRUD controller for Setting","timestamp":"2025-04-28T22:03:31.516Z"}
{"level":"info","message":"Mock utils initialized with modelsFiles","modelsFiles":["Setting","Admin","AdminPassword","Sponsor","Task","Memory","BackendProposal"],"timestamp":"2025-04-28T22:03:31.507Z"}
{"level":"info","message":"Mock utils initialized with modelsFiles","modelsFiles":["Setting","Admin","AdminPassword","Sponsor","Task","Memory","BackendProposal"],"timestamp":"2025-04-28T22:18:55.678Z"}
{"level":"info","message":"Initializing CRUD controller for Setting","timestamp":"2025-04-28T22:18:55.688Z"}
{"level":"info","message":"Mock utils initialized with modelsFiles","modelsFiles":["Setting","Admin","AdminPassword","Sponsor","Task","Memory","BackendProposal"],"timestamp":"2025-04-28T22:43:41.970Z"}
{"level":"info","message":"Initializing CRUD controller for Setting","timestamp":"2025-04-28T22:43:41.979Z"}
{"level":"info","message":"Mock utils initialized with modelsFiles","modelsFiles":["Setting","Admin","AdminPassword","Sponsor","Task","Memory","BackendProposal"],"timestamp":"2025-04-28T23:28:32.834Z"}
{"level":"info","message":"Initializing CRUD controller for Setting","timestamp":"2025-04-28T23:28:32.843Z"}
{"level":"info","message":"Mock utils initialized with modelsFiles","modelsFiles":["Setting","Admin","AdminPassword","Sponsor","Task","Memory","BackendProposal"],"timestamp":"2025-04-29T00:40:21.800Z"}
{"level":"info","message":"Initializing CRUD controller for Setting","timestamp":"2025-04-29T00:40:21.810Z"}
{"level":"info","message":"Mock utils initialized with modelsFiles","modelsFiles":["Setting","Admin","AdminPassword","Sponsor","Task","Memory","BackendProposal"],"timestamp":"2025-04-29T00:46:12.084Z"}
{"level":"info","message":"Initializing CRUD controller for Setting","timestamp":"2025-04-29T00:46:12.092Z"}
{"level":"info","message":"Mock utils initialized with modelsFiles","modelsFiles":["Setting","Admin","AdminPassword","Sponsor","Task","Memory","BackendProposal"],"timestamp":"2025-04-29T01:14:23.982Z"}
{"level":"info","message":"Initializing CRUD controller for Setting","timestamp":"2025-04-29T01:14:23.993Z"}
{"level":"info","message":"Mock utils initialized with modelsFiles","modelsFiles":["Setting","Admin","AdminPassword","Sponsor","Task","Memory","BackendProposal"],"timestamp":"2025-04-29T01:50:54.530Z"}
{"level":"info","message":"Initializing CRUD controller for Setting","timestamp":"2025-04-29T01:50:54.540Z"}
{"level":"info","message":"Mock utils initialized with modelsFiles","modelsFiles":["Setting","Admin","AdminPassword","Sponsor","Task","Memory","BackendProposal"],"timestamp":"2025-04-29T02:08:47.591Z"}
{"level":"info","message":"Initializing CRUD controller for Setting","timestamp":"2025-04-29T02:08:47.601Z"}
{"level":"info","message":"Mock utils initialized with modelsFiles","modelsFiles":["Setting","Admin","AdminPassword","Sponsor","Task","Memory","BackendProposal"],"timestamp":"2025-04-29T02:13:35.801Z"}
{"level":"info","message":"Initializing CRUD controller for Setting","timestamp":"2025-04-29T02:13:35.810Z"}
{"level":"info","message":"Mock utils initialized with modelsFiles","modelsFiles":["Setting","Admin","AdminPassword","Sponsor","Task","Memory","BackendProposal"],"timestamp":"2025-04-29T02:27:24.199Z"}
{"level":"info","message":"Initializing CRUD controller for Setting","timestamp":"2025-04-29T02:27:24.211Z"}
{"level":"info","message":"Mock utils initialized with modelsFiles","modelsFiles":["Setting","Admin","AdminPassword","Sponsor","Task","Memory","BackendProposal"],"timestamp":"2025-04-29T13:06:36.222Z"}
{"level":"info","message":"Initializing CRUD controller for Setting","timestamp":"2025-04-29T13:06:36.238Z"}
{"level":"info","message":"Mock utils initialized with modelsFiles","modelsFiles":["Setting","Admin","AdminPassword","Sponsor","Task","Memory","BackendProposal"],"timestamp":"2025-04-29T13:27:05.255Z"}
{"level":"info","message":"Initializing CRUD controller for Setting","timestamp":"2025-04-29T13:27:05.266Z"}
{"level":"error","message":"Async Error: Task.find is not a function","method":"GET","stack":"TypeError: Task.find is not a function\n    at getTasks (C:\\Users\\nthorpe\\Desktop\\crm\\idurar-erp-crm\\backend\\src\\utils\\taskManager.js:197:30)\n    at C:\\Users\\nthorpe\\Desktop\\crm\\idurar-erp-crm\\backend\\src\\routes\\taskRoutes.js:60:23\n    at C:\\Users\\nthorpe\\Desktop\\crm\\idurar-erp-crm\\backend\\src\\handlers\\errorHandlers.js:98:19\n    at Layer.handleRequest (C:\\Users\\nthorpe\\Desktop\\crm\\idurar-erp-crm\\backend\\node_modules\\router\\lib\\layer.js:152:17)\n    at next (C:\\Users\\nthorpe\\Desktop\\crm\\idurar-erp-crm\\backend\\node_modules\\router\\lib\\route.js:157:13)\n    at Route.dispatch (C:\\Users\\nthorpe\\Desktop\\crm\\idurar-erp-crm\\backend\\node_modules\\router\\lib\\route.js:117:3)\n    at handle (C:\\Users\\nthorpe\\Desktop\\crm\\idurar-erp-crm\\backend\\node_modules\\router\\index.js:435:11)\n    at Layer.handleRequest (C:\\Users\\nthorpe\\Desktop\\crm\\idurar-erp-crm\\backend\\node_modules\\router\\lib\\layer.js:152:17)\n    at C:\\Users\\nthorpe\\Desktop\\crm\\idurar-erp-crm\\backend\\node_modules\\router\\index.js:295:15\n    at processParams (C:\\Users\\nthorpe\\Desktop\\crm\\idurar-erp-crm\\backend\\node_modules\\router\\index.js:582:12)","timestamp":"2025-04-29T13:27:14.292Z","url":"/api/grok/tasks"}
{"level":"error","message":"Server Error: Task.find is not a function","method":"GET","stack":"TypeError: Task.find is not a function\n    at getTasks (C:\\Users\\nthorpe\\Desktop\\crm\\idurar-erp-crm\\backend\\src\\utils\\taskManager.js:197:30)\n    at C:\\Users\\nthorpe\\Desktop\\crm\\idurar-erp-crm\\backend\\src\\routes\\taskRoutes.js:60:23\n    at C:\\Users\\nthorpe\\Desktop\\crm\\idurar-erp-crm\\backend\\src\\handlers\\errorHandlers.js:98:19\n    at Layer.handleRequest (C:\\Users\\nthorpe\\Desktop\\crm\\idurar-erp-crm\\backend\\node_modules\\router\\lib\\layer.js:152:17)\n    at next (C:\\Users\\nthorpe\\Desktop\\crm\\idurar-erp-crm\\backend\\node_modules\\router\\lib\\route.js:157:13)\n    at Route.dispatch (C:\\Users\\nthorpe\\Desktop\\crm\\idurar-erp-crm\\backend\\node_modules\\router\\lib\\route.js:117:3)\n    at handle (C:\\Users\\nthorpe\\Desktop\\crm\\idurar-erp-crm\\backend\\node_modules\\router\\index.js:435:11)\n    at Layer.handleRequest (C:\\Users\\nthorpe\\Desktop\\crm\\idurar-erp-crm\\backend\\node_modules\\router\\lib\\layer.js:152:17)\n    at C:\\Users\\nthorpe\\Desktop\\crm\\idurar-erp-crm\\backend\\node_modules\\router\\index.js:295:15\n    at processParams (C:\\Users\\nthorpe\\Desktop\\crm\\idurar-erp-crm\\backend\\node_modules\\router\\index.js:582:12)","status":500,"timestamp":"2025-04-29T13:27:14.293Z","url":"/api/grok/tasks"}
{"level":"error","message":"Async Error: Task.find is not a function","method":"GET","stack":"TypeError: Task.find is not a function\n    at getTasks (C:\\Users\\nthorpe\\Desktop\\crm\\idurar-erp-crm\\backend\\src\\utils\\taskManager.js:197:30)\n    at C:\\Users\\nthorpe\\Desktop\\crm\\idurar-erp-crm\\backend\\src\\routes\\taskRoutes.js:60:23\n    at C:\\Users\\nthorpe\\Desktop\\crm\\idurar-erp-crm\\backend\\src\\handlers\\errorHandlers.js:98:19\n    at Layer.handleRequest (C:\\Users\\nthorpe\\Desktop\\crm\\idurar-erp-crm\\backend\\node_modules\\router\\lib\\layer.js:152:17)\n    at next (C:\\Users\\nthorpe\\Desktop\\crm\\idurar-erp-crm\\backend\\node_modules\\router\\lib\\route.js:157:13)\n    at Route.dispatch (C:\\Users\\nthorpe\\Desktop\\crm\\idurar-erp-crm\\backend\\node_modules\\router\\lib\\route.js:117:3)\n    at handle (C:\\Users\\nthorpe\\Desktop\\crm\\idurar-erp-crm\\backend\\node_modules\\router\\index.js:435:11)\n    at Layer.handleRequest (C:\\Users\\nthorpe\\Desktop\\crm\\idurar-erp-crm\\backend\\node_modules\\router\\lib\\layer.js:152:17)\n    at C:\\Users\\nthorpe\\Desktop\\crm\\idurar-erp-crm\\backend\\node_modules\\router\\index.js:295:15\n    at processParams (C:\\Users\\nthorpe\\Desktop\\crm\\idurar-erp-crm\\backend\\node_modules\\router\\index.js:582:12)","timestamp":"2025-04-29T13:27:14.298Z","url":"/api/grok/tasks"}
{"level":"error","message":"Server Error: Task.find is not a function","method":"GET","stack":"TypeError: Task.find is not a function\n    at getTasks (C:\\Users\\nthorpe\\Desktop\\crm\\idurar-erp-crm\\backend\\src\\utils\\taskManager.js:197:30)\n    at C:\\Users\\nthorpe\\Desktop\\crm\\idurar-erp-crm\\backend\\src\\routes\\taskRoutes.js:60:23\n    at C:\\Users\\nthorpe\\Desktop\\crm\\idurar-erp-crm\\backend\\src\\handlers\\errorHandlers.js:98:19\n    at Layer.handleRequest (C:\\Users\\nthorpe\\Desktop\\crm\\idurar-erp-crm\\backend\\node_modules\\router\\lib\\layer.js:152:17)\n    at next (C:\\Users\\nthorpe\\Desktop\\crm\\idurar-erp-crm\\backend\\node_modules\\router\\lib\\route.js:157:13)\n    at Route.dispatch (C:\\Users\\nthorpe\\Desktop\\crm\\idurar-erp-crm\\backend\\node_modules\\router\\lib\\route.js:117:3)\n    at handle (C:\\Users\\nthorpe\\Desktop\\crm\\idurar-erp-crm\\backend\\node_modules\\router\\index.js:435:11)\n    at Layer.handleRequest (C:\\Users\\nthorpe\\Desktop\\crm\\idurar-erp-crm\\backend\\node_modules\\router\\lib\\layer.js:152:17)\n    at C:\\Users\\nthorpe\\Desktop\\crm\\idurar-erp-crm\\backend\\node_modules\\router\\index.js:295:15\n    at processParams (C:\\Users\\nthorpe\\Desktop\\crm\\idurar-erp-crm\\backend\\node_modules\\router\\index.js:582:12)","status":500,"timestamp":"2025-04-29T13:27:14.299Z","url":"/api/grok/tasks"}
{"level":"error","message":"Async Error: Task.find is not a function","method":"GET","stack":"TypeError: Task.find is not a function\n    at getTasks (C:\\Users\\nthorpe\\Desktop\\crm\\idurar-erp-crm\\backend\\src\\utils\\taskManager.js:197:30)\n    at C:\\Users\\nthorpe\\Desktop\\crm\\idurar-erp-crm\\backend\\src\\routes\\taskRoutes.js:60:23\n    at C:\\Users\\nthorpe\\Desktop\\crm\\idurar-erp-crm\\backend\\src\\handlers\\errorHandlers.js:98:19\n    at Layer.handleRequest (C:\\Users\\nthorpe\\Desktop\\crm\\idurar-erp-crm\\backend\\node_modules\\router\\lib\\layer.js:152:17)\n    at next (C:\\Users\\nthorpe\\Desktop\\crm\\idurar-erp-crm\\backend\\node_modules\\router\\lib\\route.js:157:13)\n    at Route.dispatch (C:\\Users\\nthorpe\\Desktop\\crm\\idurar-erp-crm\\backend\\node_modules\\router\\lib\\route.js:117:3)\n    at handle (C:\\Users\\nthorpe\\Desktop\\crm\\idurar-erp-crm\\backend\\node_modules\\router\\index.js:435:11)\n    at Layer.handleRequest (C:\\Users\\nthorpe\\Desktop\\crm\\idurar-erp-crm\\backend\\node_modules\\router\\lib\\layer.js:152:17)\n    at C:\\Users\\nthorpe\\Desktop\\crm\\idurar-erp-crm\\backend\\node_modules\\router\\index.js:295:15\n    at processParams (C:\\Users\\nthorpe\\Desktop\\crm\\idurar-erp-crm\\backend\\node_modules\\router\\index.js:582:12)","timestamp":"2025-04-29T13:27:30.479Z","url":"/api/grok/tasks"}
{"level":"error","message":"Server Error: Task.find is not a function","method":"GET","stack":"TypeError: Task.find is not a function\n    at getTasks (C:\\Users\\nthorpe\\Desktop\\crm\\idurar-erp-crm\\backend\\src\\utils\\taskManager.js:197:30)\n    at C:\\Users\\nthorpe\\Desktop\\crm\\idurar-erp-crm\\backend\\src\\routes\\taskRoutes.js:60:23\n    at C:\\Users\\nthorpe\\Desktop\\crm\\idurar-erp-crm\\backend\\src\\handlers\\errorHandlers.js:98:19\n    at Layer.handleRequest (C:\\Users\\nthorpe\\Desktop\\crm\\idurar-erp-crm\\backend\\node_modules\\router\\lib\\layer.js:152:17)\n    at next (C:\\Users\\nthorpe\\Desktop\\crm\\idurar-erp-crm\\backend\\node_modules\\router\\lib\\route.js:157:13)\n    at Route.dispatch (C:\\Users\\nthorpe\\Desktop\\crm\\idurar-erp-crm\\backend\\node_modules\\router\\lib\\route.js:117:3)\n    at handle (C:\\Users\\nthorpe\\Desktop\\crm\\idurar-erp-crm\\backend\\node_modules\\router\\index.js:435:11)\n    at Layer.handleRequest (C:\\Users\\nthorpe\\Desktop\\crm\\idurar-erp-crm\\backend\\node_modules\\router\\lib\\layer.js:152:17)\n    at C:\\Users\\nthorpe\\Desktop\\crm\\idurar-erp-crm\\backend\\node_modules\\router\\index.js:295:15\n    at processParams (C:\\Users\\nthorpe\\Desktop\\crm\\idurar-erp-crm\\backend\\node_modules\\router\\index.js:582:12)","status":500,"timestamp":"2025-04-29T13:27:30.479Z","url":"/api/grok/tasks"}
{"level":"error","message":"Async Error: Task.find is not a function","method":"GET","stack":"TypeError: Task.find is not a function\n    at getTasks (C:\\Users\\nthorpe\\Desktop\\crm\\idurar-erp-crm\\backend\\src\\utils\\taskManager.js:197:30)\n    at C:\\Users\\nthorpe\\Desktop\\crm\\idurar-erp-crm\\backend\\src\\routes\\taskRoutes.js:60:23\n    at C:\\Users\\nthorpe\\Desktop\\crm\\idurar-erp-crm\\backend\\src\\handlers\\errorHandlers.js:98:19\n    at Layer.handleRequest (C:\\Users\\nthorpe\\Desktop\\crm\\idurar-erp-crm\\backend\\node_modules\\router\\lib\\layer.js:152:17)\n    at next (C:\\Users\\nthorpe\\Desktop\\crm\\idurar-erp-crm\\backend\\node_modules\\router\\lib\\route.js:157:13)\n    at Route.dispatch (C:\\Users\\nthorpe\\Desktop\\crm\\idurar-erp-crm\\backend\\node_modules\\router\\lib\\route.js:117:3)\n    at handle (C:\\Users\\nthorpe\\Desktop\\crm\\idurar-erp-crm\\backend\\node_modules\\router\\index.js:435:11)\n    at Layer.handleRequest (C:\\Users\\nthorpe\\Desktop\\crm\\idurar-erp-crm\\backend\\node_modules\\router\\lib\\layer.js:152:17)\n    at C:\\Users\\nthorpe\\Desktop\\crm\\idurar-erp-crm\\backend\\node_modules\\router\\index.js:295:15\n    at processParams (C:\\Users\\nthorpe\\Desktop\\crm\\idurar-erp-crm\\backend\\node_modules\\router\\index.js:582:12)","timestamp":"2025-04-29T13:27:30.484Z","url":"/api/grok/tasks"}
{"level":"error","message":"Server Error: Task.find is not a function","method":"GET","stack":"TypeError: Task.find is not a function\n    at getTasks (C:\\Users\\nthorpe\\Desktop\\crm\\idurar-erp-crm\\backend\\src\\utils\\taskManager.js:197:30)\n    at C:\\Users\\nthorpe\\Desktop\\crm\\idurar-erp-crm\\backend\\src\\routes\\taskRoutes.js:60:23\n    at C:\\Users\\nthorpe\\Desktop\\crm\\idurar-erp-crm\\backend\\src\\handlers\\errorHandlers.js:98:19\n    at Layer.handleRequest (C:\\Users\\nthorpe\\Desktop\\crm\\idurar-erp-crm\\backend\\node_modules\\router\\lib\\layer.js:152:17)\n    at next (C:\\Users\\nthorpe\\Desktop\\crm\\idurar-erp-crm\\backend\\node_modules\\router\\lib\\route.js:157:13)\n    at Route.dispatch (C:\\Users\\nthorpe\\Desktop\\crm\\idurar-erp-crm\\backend\\node_modules\\router\\lib\\route.js:117:3)\n    at handle (C:\\Users\\nthorpe\\Desktop\\crm\\idurar-erp-crm\\backend\\node_modules\\router\\index.js:435:11)\n    at Layer.handleRequest (C:\\Users\\nthorpe\\Desktop\\crm\\idurar-erp-crm\\backend\\node_modules\\router\\lib\\layer.js:152:17)\n    at C:\\Users\\nthorpe\\Desktop\\crm\\idurar-erp-crm\\backend\\node_modules\\router\\index.js:295:15\n    at processParams (C:\\Users\\nthorpe\\Desktop\\crm\\idurar-erp-crm\\backend\\node_modules\\router\\index.js:582:12)","status":500,"timestamp":"2025-04-29T13:27:30.485Z","url":"/api/grok/tasks"}
{"level":"error","message":"Async Error: Task.find is not a function","method":"GET","stack":"TypeError: Task.find is not a function\n    at getTasks (C:\\Users\\nthorpe\\Desktop\\crm\\idurar-erp-crm\\backend\\src\\utils\\taskManager.js:197:30)\n    at C:\\Users\\nthorpe\\Desktop\\crm\\idurar-erp-crm\\backend\\src\\routes\\taskRoutes.js:60:23\n    at C:\\Users\\nthorpe\\Desktop\\crm\\idurar-erp-crm\\backend\\src\\handlers\\errorHandlers.js:98:19\n    at Layer.handleRequest (C:\\Users\\nthorpe\\Desktop\\crm\\idurar-erp-crm\\backend\\node_modules\\router\\lib\\layer.js:152:17)\n    at next (C:\\Users\\nthorpe\\Desktop\\crm\\idurar-erp-crm\\backend\\node_modules\\router\\lib\\route.js:157:13)\n    at Route.dispatch (C:\\Users\\nthorpe\\Desktop\\crm\\idurar-erp-crm\\backend\\node_modules\\router\\lib\\route.js:117:3)\n    at handle (C:\\Users\\nthorpe\\Desktop\\crm\\idurar-erp-crm\\backend\\node_modules\\router\\index.js:435:11)\n    at Layer.handleRequest (C:\\Users\\nthorpe\\Desktop\\crm\\idurar-erp-crm\\backend\\node_modules\\router\\lib\\layer.js:152:17)\n    at C:\\Users\\nthorpe\\Desktop\\crm\\idurar-erp-crm\\backend\\node_modules\\router\\index.js:295:15\n    at processParams (C:\\Users\\nthorpe\\Desktop\\crm\\idurar-erp-crm\\backend\\node_modules\\router\\index.js:582:12)","timestamp":"2025-04-29T13:29:03.483Z","url":"/api/grok/tasks"}
{"level":"error","message":"Server Error: Task.find is not a function","method":"GET","stack":"TypeError: Task.find is not a function\n    at getTasks (C:\\Users\\nthorpe\\Desktop\\crm\\idurar-erp-crm\\backend\\src\\utils\\taskManager.js:197:30)\n    at C:\\Users\\nthorpe\\Desktop\\crm\\idurar-erp-crm\\backend\\src\\routes\\taskRoutes.js:60:23\n    at C:\\Users\\nthorpe\\Desktop\\crm\\idurar-erp-crm\\backend\\src\\handlers\\errorHandlers.js:98:19\n    at Layer.handleRequest (C:\\Users\\nthorpe\\Desktop\\crm\\idurar-erp-crm\\backend\\node_modules\\router\\lib\\layer.js:152:17)\n    at next (C:\\Users\\nthorpe\\Desktop\\crm\\idurar-erp-crm\\backend\\node_modules\\router\\lib\\route.js:157:13)\n    at Route.dispatch (C:\\Users\\nthorpe\\Desktop\\crm\\idurar-erp-crm\\backend\\node_modules\\router\\lib\\route.js:117:3)\n    at handle (C:\\Users\\nthorpe\\Desktop\\crm\\idurar-erp-crm\\backend\\node_modules\\router\\index.js:435:11)\n    at Layer.handleRequest (C:\\Users\\nthorpe\\Desktop\\crm\\idurar-erp-crm\\backend\\node_modules\\router\\lib\\layer.js:152:17)\n    at C:\\Users\\nthorpe\\Desktop\\crm\\idurar-erp-crm\\backend\\node_modules\\router\\index.js:295:15\n    at processParams (C:\\Users\\nthorpe\\Desktop\\crm\\idurar-erp-crm\\backend\\node_modules\\router\\index.js:582:12)","status":500,"timestamp":"2025-04-29T13:29:03.483Z","url":"/api/grok/tasks"}
{"level":"error","message":"Async Error: Task.find is not a function","method":"GET","stack":"TypeError: Task.find is not a function\n    at getTasks (C:\\Users\\nthorpe\\Desktop\\crm\\idurar-erp-crm\\backend\\src\\utils\\taskManager.js:197:30)\n    at C:\\Users\\nthorpe\\Desktop\\crm\\idurar-erp-crm\\backend\\src\\routes\\taskRoutes.js:60:23\n    at C:\\Users\\nthorpe\\Desktop\\crm\\idurar-erp-crm\\backend\\src\\handlers\\errorHandlers.js:98:19\n    at Layer.handleRequest (C:\\Users\\nthorpe\\Desktop\\crm\\idurar-erp-crm\\backend\\node_modules\\router\\lib\\layer.js:152:17)\n    at next (C:\\Users\\nthorpe\\Desktop\\crm\\idurar-erp-crm\\backend\\node_modules\\router\\lib\\route.js:157:13)\n    at Route.dispatch (C:\\Users\\nthorpe\\Desktop\\crm\\idurar-erp-crm\\backend\\node_modules\\router\\lib\\route.js:117:3)\n    at handle (C:\\Users\\nthorpe\\Desktop\\crm\\idurar-erp-crm\\backend\\node_modules\\router\\index.js:435:11)\n    at Layer.handleRequest (C:\\Users\\nthorpe\\Desktop\\crm\\idurar-erp-crm\\backend\\node_modules\\router\\lib\\layer.js:152:17)\n    at C:\\Users\\nthorpe\\Desktop\\crm\\idurar-erp-crm\\backend\\node_modules\\router\\index.js:295:15\n    at processParams (C:\\Users\\nthorpe\\Desktop\\crm\\idurar-erp-crm\\backend\\node_modules\\router\\index.js:582:12)","timestamp":"2025-04-29T13:29:03.488Z","url":"/api/grok/tasks"}
{"level":"error","message":"Server Error: Task.find is not a function","method":"GET","stack":"TypeError: Task.find is not a function\n    at getTasks (C:\\Users\\nthorpe\\Desktop\\crm\\idurar-erp-crm\\backend\\src\\utils\\taskManager.js:197:30)\n    at C:\\Users\\nthorpe\\Desktop\\crm\\idurar-erp-crm\\backend\\src\\routes\\taskRoutes.js:60:23\n    at C:\\Users\\nthorpe\\Desktop\\crm\\idurar-erp-crm\\backend\\src\\handlers\\errorHandlers.js:98:19\n    at Layer.handleRequest (C:\\Users\\nthorpe\\Desktop\\crm\\idurar-erp-crm\\backend\\node_modules\\router\\lib\\layer.js:152:17)\n    at next (C:\\Users\\nthorpe\\Desktop\\crm\\idurar-erp-crm\\backend\\node_modules\\router\\lib\\route.js:157:13)\n    at Route.dispatch (C:\\Users\\nthorpe\\Desktop\\crm\\idurar-erp-crm\\backend\\node_modules\\router\\lib\\route.js:117:3)\n    at handle (C:\\Users\\nthorpe\\Desktop\\crm\\idurar-erp-crm\\backend\\node_modules\\router\\index.js:435:11)\n    at Layer.handleRequest (C:\\Users\\nthorpe\\Desktop\\crm\\idurar-erp-crm\\backend\\node_modules\\router\\lib\\layer.js:152:17)\n    at C:\\Users\\nthorpe\\Desktop\\crm\\idurar-erp-crm\\backend\\node_modules\\router\\index.js:295:15\n    at processParams (C:\\Users\\nthorpe\\Desktop\\crm\\idurar-erp-crm\\backend\\node_modules\\router\\index.js:582:12)","status":500,"timestamp":"2025-04-29T13:29:03.489Z","url":"/api/grok/tasks"}
{"level":"error","message":"Async Error: Task.find is not a function","method":"GET","stack":"TypeError: Task.find is not a function\n    at getTasks (C:\\Users\\nthorpe\\Desktop\\crm\\idurar-erp-crm\\backend\\src\\utils\\taskManager.js:197:30)\n    at C:\\Users\\nthorpe\\Desktop\\crm\\idurar-erp-crm\\backend\\src\\routes\\taskRoutes.js:60:23\n    at C:\\Users\\nthorpe\\Desktop\\crm\\idurar-erp-crm\\backend\\src\\handlers\\errorHandlers.js:98:19\n    at Layer.handleRequest (C:\\Users\\nthorpe\\Desktop\\crm\\idurar-erp-crm\\backend\\node_modules\\router\\lib\\layer.js:152:17)\n    at next (C:\\Users\\nthorpe\\Desktop\\crm\\idurar-erp-crm\\backend\\node_modules\\router\\lib\\route.js:157:13)\n    at Route.dispatch (C:\\Users\\nthorpe\\Desktop\\crm\\idurar-erp-crm\\backend\\node_modules\\router\\lib\\route.js:117:3)\n    at handle (C:\\Users\\nthorpe\\Desktop\\crm\\idurar-erp-crm\\backend\\node_modules\\router\\index.js:435:11)\n    at Layer.handleRequest (C:\\Users\\nthorpe\\Desktop\\crm\\idurar-erp-crm\\backend\\node_modules\\router\\lib\\layer.js:152:17)\n    at C:\\Users\\nthorpe\\Desktop\\crm\\idurar-erp-crm\\backend\\node_modules\\router\\index.js:295:15\n    at processParams (C:\\Users\\nthorpe\\Desktop\\crm\\idurar-erp-crm\\backend\\node_modules\\router\\index.js:582:12)","timestamp":"2025-04-29T13:29:21.438Z","url":"/api/grok/tasks"}
{"level":"error","message":"Server Error: Task.find is not a function","method":"GET","stack":"TypeError: Task.find is not a function\n    at getTasks (C:\\Users\\nthorpe\\Desktop\\crm\\idurar-erp-crm\\backend\\src\\utils\\taskManager.js:197:30)\n    at C:\\Users\\nthorpe\\Desktop\\crm\\idurar-erp-crm\\backend\\src\\routes\\taskRoutes.js:60:23\n    at C:\\Users\\nthorpe\\Desktop\\crm\\idurar-erp-crm\\backend\\src\\handlers\\errorHandlers.js:98:19\n    at Layer.handleRequest (C:\\Users\\nthorpe\\Desktop\\crm\\idurar-erp-crm\\backend\\node_modules\\router\\lib\\layer.js:152:17)\n    at next (C:\\Users\\nthorpe\\Desktop\\crm\\idurar-erp-crm\\backend\\node_modules\\router\\lib\\route.js:157:13)\n    at Route.dispatch (C:\\Users\\nthorpe\\Desktop\\crm\\idurar-erp-crm\\backend\\node_modules\\router\\lib\\route.js:117:3)\n    at handle (C:\\Users\\nthorpe\\Desktop\\crm\\idurar-erp-crm\\backend\\node_modules\\router\\index.js:435:11)\n    at Layer.handleRequest (C:\\Users\\nthorpe\\Desktop\\crm\\idurar-erp-crm\\backend\\node_modules\\router\\lib\\layer.js:152:17)\n    at C:\\Users\\nthorpe\\Desktop\\crm\\idurar-erp-crm\\backend\\node_modules\\router\\index.js:295:15\n    at processParams (C:\\Users\\nthorpe\\Desktop\\crm\\idurar-erp-crm\\backend\\node_modules\\router\\index.js:582:12)","status":500,"timestamp":"2025-04-29T13:29:21.439Z","url":"/api/grok/tasks"}
{"level":"error","message":"Async Error: Task.find is not a function","method":"GET","stack":"TypeError: Task.find is not a function\n    at getTasks (C:\\Users\\nthorpe\\Desktop\\crm\\idurar-erp-crm\\backend\\src\\utils\\taskManager.js:197:30)\n    at C:\\Users\\nthorpe\\Desktop\\crm\\idurar-erp-crm\\backend\\src\\routes\\taskRoutes.js:60:23\n    at C:\\Users\\nthorpe\\Desktop\\crm\\idurar-erp-crm\\backend\\src\\handlers\\errorHandlers.js:98:19\n    at Layer.handleRequest (C:\\Users\\nthorpe\\Desktop\\crm\\idurar-erp-crm\\backend\\node_modules\\router\\lib\\layer.js:152:17)\n    at next (C:\\Users\\nthorpe\\Desktop\\crm\\idurar-erp-crm\\backend\\node_modules\\router\\lib\\route.js:157:13)\n    at Route.dispatch (C:\\Users\\nthorpe\\Desktop\\crm\\idurar-erp-crm\\backend\\node_modules\\router\\lib\\route.js:117:3)\n    at handle (C:\\Users\\nthorpe\\Desktop\\crm\\idurar-erp-crm\\backend\\node_modules\\router\\index.js:435:11)\n    at Layer.handleRequest (C:\\Users\\nthorpe\\Desktop\\crm\\idurar-erp-crm\\backend\\node_modules\\router\\lib\\layer.js:152:17)\n    at C:\\Users\\nthorpe\\Desktop\\crm\\idurar-erp-crm\\backend\\node_modules\\router\\index.js:295:15\n    at processParams (C:\\Users\\nthorpe\\Desktop\\crm\\idurar-erp-crm\\backend\\node_modules\\router\\index.js:582:12)","timestamp":"2025-04-29T13:29:21.450Z","url":"/api/grok/tasks"}
{"level":"error","message":"Server Error: Task.find is not a function","method":"GET","stack":"TypeError: Task.find is not a function\n    at getTasks (C:\\Users\\nthorpe\\Desktop\\crm\\idurar-erp-crm\\backend\\src\\utils\\taskManager.js:197:30)\n    at C:\\Users\\nthorpe\\Desktop\\crm\\idurar-erp-crm\\backend\\src\\routes\\taskRoutes.js:60:23\n    at C:\\Users\\nthorpe\\Desktop\\crm\\idurar-erp-crm\\backend\\src\\handlers\\errorHandlers.js:98:19\n    at Layer.handleRequest (C:\\Users\\nthorpe\\Desktop\\crm\\idurar-erp-crm\\backend\\node_modules\\router\\lib\\layer.js:152:17)\n    at next (C:\\Users\\nthorpe\\Desktop\\crm\\idurar-erp-crm\\backend\\node_modules\\router\\lib\\route.js:157:13)\n    at Route.dispatch (C:\\Users\\nthorpe\\Desktop\\crm\\idurar-erp-crm\\backend\\node_modules\\router\\lib\\route.js:117:3)\n    at handle (C:\\Users\\nthorpe\\Desktop\\crm\\idurar-erp-crm\\backend\\node_modules\\router\\index.js:435:11)\n    at Layer.handleRequest (C:\\Users\\nthorpe\\Desktop\\crm\\idurar-erp-crm\\backend\\node_modules\\router\\lib\\layer.js:152:17)\n    at C:\\Users\\nthorpe\\Desktop\\crm\\idurar-erp-crm\\backend\\node_modules\\router\\index.js:295:15\n    at processParams (C:\\Users\\nthorpe\\Desktop\\crm\\idurar-erp-crm\\backend\\node_modules\\router\\index.js:582:12)","status":500,"timestamp":"2025-04-29T13:29:21.451Z","url":"/api/grok/tasks"}
{"level":"info","message":"Initializing CRUD controller for Setting","timestamp":"2025-04-29T13:31:54.018Z"}
{"level":"info","message":"Mock utils initialized with modelsFiles","modelsFiles":["Setting","Admin","AdminPassword","Sponsor","Task","Memory","BackendProposal"],"timestamp":"2025-04-29T13:31:54.009Z"}
{"level":"error","message":"Async Error: logDebug is not defined","method":"GET","stack":"ReferenceError: logDebug is not defined\n    at C:\\Users\\nthorpe\\Desktop\\crm\\idurar-erp-crm\\backend\\src\\routes\\systemRoutes.js:95:5\n    at process.processTicksAndRejections (node:internal/process/task_queues:95:5)","timestamp":"2025-04-29T14:53:33.229Z","url":"/api/sponsors?page=1&items=10&q=&tier="}
{"level":"error","message":"Async Error: logDebug is not defined","method":"GET","stack":"ReferenceError: logDebug is not defined\n    at C:\\Users\\nthorpe\\Desktop\\crm\\idurar-erp-crm\\backend\\src\\routes\\systemRoutes.js:95:5\n    at process.processTicksAndRejections (node:internal/process/task_queues:95:5)","timestamp":"2025-04-29T14:53:33.245Z","url":"/api/sponsors?page=1&items=10&q=&tier="}
{"level":"error","message":"404 Not Found","method":"GET","timestamp":"2025-05-01T00:55:12.286Z","url":"/api/sponsors/summary"}
{"level":"error","message":"404 Not Found","method":"GET","timestamp":"2025-05-01T00:55:12.293Z","url":"/api/sponsors/summary"}
{"level":"error","message":"404 Not Found","method":"GET","timestamp":"2025-05-01T00:55:24.583Z","url":"/api/sponsors/summary"}
{"level":"error","message":"404 Not Found","method":"GET","timestamp":"2025-05-01T00:55:24.589Z","url":"/api/sponsors/summary"}
{"level":"error","message":"404 Not Found","method":"GET","timestamp":"2025-05-01T00:55:37.490Z","url":"/test/3031b9b3-9fe2-41e8-ae36-cb30bdead8dc/86c6b9da-cbf0-4793-b65f-baa583cada75"}
{"level":"error","message":"404 Not Found","method":"GET","timestamp":"2025-05-01T00:55:37.526Z","url":"/favicon.ico"}
{"level":"error","message":"404 Not Found","method":"GET","timestamp":"2025-05-02T22:38:31.807Z","url":"/favicon.ico"}
{"level":"error","message":"404 Not Found","method":"GET","timestamp":"2025-05-03T20:14:26.071Z","url":"/api/grok/analyze"}
{"level":"error","message":"404 Not Found","method":"GET","timestamp":"2025-05-03T20:14:33.882Z","url":"/api/grok/analyze"}
{"level":"error","message":"404 Not Found","method":"GET","timestamp":"2025-05-03T23:17:16.641Z","url":"/api/grok/analyze"}
{"level":"error","message":"404 Not Found","method":"GET","timestamp":"2025-05-03T23:17:16.709Z","url":"/favicon.ico"}
{"level":"error","message":"404 Not Found","method":"GET","timestamp":"2025-05-04T00:24:23.552Z","url":"/favicon.ico"}
{"level":"error","message":"404 Not Found","method":"DELETE","timestamp":"2025-05-04T00:25:18.034Z","url":"/api/grok/task/all"}
{"level":"error","message":"404 Not Found","method":"GET","timestamp":"2025-05-04T04:19:21.742Z","url":"//tasks"}
{"level":"error","message":"404 Not Found","method":"GET","timestamp":"2025-05-04T04:19:21.744Z","url":"//tasks"}
{"level":"error","message":"404 Not Found","method":"GET","timestamp":"2025-05-04T04:19:47.716Z","url":"//tasks"}
{"level":"error","message":"404 Not Found","method":"GET","timestamp":"2025-05-04T04:19:47.718Z","url":"//tasks"}
{"level":"error","message":"404 Not Found","method":"GET","timestamp":"2025-05-04T04:20:19.027Z","url":"//tasks"}
{"level":"error","message":"404 Not Found","method":"GET","timestamp":"2025-05-04T04:20:19.029Z","url":"//tasks"}
{"level":"error","message":"404 Not Found","method":"GET","timestamp":"2025-05-04T04:20:49.024Z","url":"//tasks"}
{"level":"error","message":"404 Not Found","method":"GET","timestamp":"2025-05-04T04:20:49.027Z","url":"//tasks"}
{"level":"error","message":"404 Not Found","method":"GET","timestamp":"2025-05-04T04:21:19.028Z","url":"//tasks"}
{"level":"error","message":"404 Not Found","method":"GET","timestamp":"2025-05-04T04:21:19.030Z","url":"//tasks"}
{"level":"error","message":"404 Not Found","method":"GET","timestamp":"2025-05-04T04:21:49.024Z","url":"//tasks"}
{"level":"error","message":"404 Not Found","method":"GET","timestamp":"2025-05-04T04:21:49.026Z","url":"//tasks"}
{"level":"error","message":"404 Not Found","method":"GET","timestamp":"2025-05-04T04:23:04.031Z","url":"//tasks"}
{"level":"error","message":"404 Not Found","method":"GET","timestamp":"2025-05-04T04:23:04.038Z","url":"//tasks"}
{"level":"error","message":"404 Not Found","method":"GET","timestamp":"2025-05-04T04:25:04.035Z","url":"//tasks"}
{"level":"error","message":"404 Not Found","method":"GET","timestamp":"2025-05-04T04:25:04.040Z","url":"//tasks"}
{"level":"error","message":"404 Not Found","method":"GET","timestamp":"2025-05-04T04:26:04.025Z","url":"//tasks"}
{"level":"error","message":"404 Not Found","method":"GET","timestamp":"2025-05-04T04:26:04.031Z","url":"//tasks"}
{"level":"error","message":"404 Not Found","method":"GET","timestamp":"2025-05-04T04:27:04.046Z","url":"//tasks"}
{"level":"error","message":"404 Not Found","method":"GET","timestamp":"2025-05-04T04:27:04.054Z","url":"//tasks"}
{"level":"error","message":"404 Not Found","method":"GET","timestamp":"2025-05-04T04:27:39.269Z","url":"//tasks"}
{"level":"error","message":"404 Not Found","method":"GET","timestamp":"2025-05-04T04:27:39.274Z","url":"//tasks"}
{"level":"error","message":"404 Not Found","method":"GET","timestamp":"2025-05-04T04:27:41.101Z","url":"/tasks"}
{"level":"error","message":"404 Not Found","method":"GET","timestamp":"2025-05-04T04:27:47.080Z","url":"/tasks"}
{"level":"error","message":"404 Not Found","method":"GET","timestamp":"2025-05-04T04:28:17.105Z","url":"/tasks"}
{"level":"error","message":"404 Not Found","method":"POST","timestamp":"2025-05-04T04:28:37.248Z","url":"/edit"}
{"level":"error","message":"404 Not Found","method":"POST","timestamp":"2025-05-04T04:28:37.755Z","url":"/edit"}
{"level":"error","message":"404 Not Found","method":"POST","timestamp":"2025-05-04T04:28:38.770Z","url":"/edit"}
{"level":"error","message":"404 Not Found","method":"GET","timestamp":"2025-05-04T04:28:47.112Z","url":"/tasks"}
{"level":"error","message":"404 Not Found","method":"GET","timestamp":"2025-05-04T04:29:17.109Z","url":"/tasks"}
{"level":"error","message":"404 Not Found","method":"GET","timestamp":"2025-05-04T04:29:47.104Z","url":"/tasks"}
{"level":"error","message":"404 Not Found","method":"GET","timestamp":"2025-05-04T04:30:17.096Z","url":"/tasks"}
{"level":"error","message":"404 Not Found","method":"GET","timestamp":"2025-05-04T04:30:49.014Z","url":"/tasks"}
{"level":"error","message":"404 Not Found","method":"GET","timestamp":"2025-05-04T04:31:19.028Z","url":"/tasks"}
{"level":"error","message":"404 Not Found","method":"GET","timestamp":"2025-05-04T04:33:04.038Z","url":"/tasks"}
{"level":"error","message":"404 Not Found","method":"GET","timestamp":"2025-05-04T04:34:04.047Z","url":"/tasks"}
{"level":"error","message":"404 Not Found","method":"GET","timestamp":"2025-05-04T04:35:04.034Z","url":"/tasks"}
{"level":"error","message":"404 Not Found","method":"GET","timestamp":"2025-05-04T04:36:04.024Z","url":"/tasks"}
{"level":"error","message":"404 Not Found","method":"GET","timestamp":"2025-05-04T04:37:04.028Z","url":"/tasks"}
{"level":"error","message":"404 Not Found","method":"GET","timestamp":"2025-05-04T04:38:04.035Z","url":"/tasks"}
{"level":"error","message":"404 Not Found","method":"GET","timestamp":"2025-05-04T04:39:04.034Z","url":"/tasks"}
{"level":"error","message":"404 Not Found","method":"GET","timestamp":"2025-05-04T04:40:04.031Z","url":"/tasks"}
{"level":"error","message":"404 Not Found","method":"GET","timestamp":"2025-05-04T04:41:04.038Z","url":"/tasks"}
{"level":"error","message":"404 Not Found","method":"GET","timestamp":"2025-05-04T04:42:04.031Z","url":"/tasks"}
{"level":"error","message":"404 Not Found","method":"GET","timestamp":"2025-05-04T04:43:04.039Z","url":"/tasks"}
{"level":"error","message":"404 Not Found","method":"GET","timestamp":"2025-05-04T04:44:04.030Z","url":"/tasks"}
{"level":"error","message":"404 Not Found","method":"GET","timestamp":"2025-05-04T04:44:57.139Z","url":"/tasks"}
{"level":"error","message":"404 Not Found","method":"GET","timestamp":"2025-05-04T04:44:58.141Z","url":"/tasks"}
{"level":"error","message":"404 Not Found","method":"POST","timestamp":"2025-05-04T04:45:00.896Z","url":"/edit"}
{"level":"error","message":"404 Not Found","method":"POST","timestamp":"2025-05-04T04:45:01.406Z","url":"/edit"}
{"level":"error","message":"404 Not Found","method":"POST","timestamp":"2025-05-04T04:45:02.412Z","url":"/edit"}
{"level":"error","message":"404 Not Found","method":"GET","timestamp":"2025-05-04T04:45:06.898Z","url":"/tasks"}
{"level":"error","message":"404 Not Found","method":"GET","timestamp":"2025-05-04T04:45:12.299Z","url":"/tasks"}
{"level":"error","message":"404 Not Found","method":"GET","timestamp":"2025-05-04T04:45:44.031Z","url":"/tasks"}
{"level":"error","message":"404 Not Found","method":"GET","timestamp":"2025-05-04T04:46:14.029Z","url":"/tasks"}
{"level":"error","message":"404 Not Found","method":"GET","timestamp":"2025-05-04T04:46:44.022Z","url":"/tasks"}
{"level":"error","message":"404 Not Found","method":"GET","timestamp":"2025-05-04T04:47:14.029Z","url":"/tasks"}
{"level":"error","message":"404 Not Found","method":"GET","timestamp":"2025-05-04T04:48:08.436Z","url":"/tasks"}
{"level":"error","message":"404 Not Found","method":"POST","timestamp":"2025-05-04T04:48:09.456Z","url":"/api/grok/grok/client-error"}
{"level":"error","message":"404 Not Found","method":"POST","timestamp":"2025-05-04T04:48:09.459Z","url":"/api/grok/grok/client-error"}
{"level":"error","message":"404 Not Found","method":"POST","timestamp":"2025-05-04T04:48:09.975Z","url":"/api/grok/grok/client-error"}
{"level":"error","message":"404 Not Found","method":"POST","timestamp":"2025-05-04T04:48:09.977Z","url":"/api/grok/grok/client-error"}
{"level":"error","message":"404 Not Found","method":"GET","timestamp":"2025-05-04T04:48:10.394Z","url":"/tasks"}
{"level":"error","message":"404 Not Found","method":"POST","timestamp":"2025-05-04T04:48:10.405Z","url":"/api/grok/grok/client-error"}
{"level":"error","message":"404 Not Found","method":"POST","timestamp":"2025-05-04T04:48:10.924Z","url":"/api/grok/grok/client-error"}
{"level":"error","message":"404 Not Found","method":"POST","timestamp":"2025-05-04T04:48:10.987Z","url":"/api/grok/grok/client-error"}
{"level":"error","message":"404 Not Found","method":"POST","timestamp":"2025-05-04T04:48:10.989Z","url":"/api/grok/grok/client-error"}
{"level":"error","message":"404 Not Found","method":"POST","timestamp":"2025-05-04T04:48:11.934Z","url":"/api/grok/grok/client-error"}
{"level":"error","message":"404 Not Found","method":"GET","timestamp":"2025-05-04T04:48:42.030Z","url":"/tasks"}
{"level":"error","message":"404 Not Found","method":"POST","timestamp":"2025-05-04T04:48:42.038Z","url":"/api/grok/grok/client-error"}
{"level":"error","message":"404 Not Found","method":"POST","timestamp":"2025-05-04T04:48:43.020Z","url":"/api/grok/grok/client-error"}
{"level":"error","message":"404 Not Found","method":"POST","timestamp":"2025-05-04T04:48:45.025Z","url":"/api/grok/grok/client-error"}
{"level":"error","message":"404 Not Found","method":"GET","timestamp":"2025-05-04T04:49:12.020Z","url":"/tasks"}
{"level":"error","message":"404 Not Found","method":"POST","timestamp":"2025-05-04T04:49:12.029Z","url":"/api/grok/grok/client-error"}
{"level":"error","message":"404 Not Found","method":"POST","timestamp":"2025-05-04T04:49:13.024Z","url":"/api/grok/grok/client-error"}
{"level":"error","message":"404 Not Found","method":"POST","timestamp":"2025-05-04T04:49:15.028Z","url":"/api/grok/grok/client-error"}
{"level":"error","message":"404 Not Found","method":"GET","timestamp":"2025-05-04T04:49:42.022Z","url":"/tasks"}
{"level":"error","message":"404 Not Found","method":"POST","timestamp":"2025-05-04T04:49:42.029Z","url":"/api/grok/grok/client-error"}
{"level":"error","message":"404 Not Found","method":"POST","timestamp":"2025-05-04T04:49:43.020Z","url":"/api/grok/grok/client-error"}
{"level":"error","message":"404 Not Found","method":"POST","timestamp":"2025-05-04T04:49:45.016Z","url":"/api/grok/grok/client-error"}
{"level":"error","message":"404 Not Found","method":"GET","timestamp":"2025-05-04T04:50:12.024Z","url":"/tasks"}
{"level":"error","message":"404 Not Found","method":"POST","timestamp":"2025-05-04T04:50:12.031Z","url":"/api/grok/grok/client-error"}
{"level":"error","message":"404 Not Found","method":"POST","timestamp":"2025-05-04T04:50:13.020Z","url":"/api/grok/grok/client-error"}
{"level":"error","message":"404 Not Found","method":"POST","timestamp":"2025-05-04T04:50:15.029Z","url":"/api/grok/grok/client-error"}
{"level":"error","message":"404 Not Found","method":"GET","timestamp":"2025-05-04T04:52:04.038Z","url":"/tasks"}
{"level":"error","message":"404 Not Found","method":"POST","timestamp":"2025-05-04T04:52:04.057Z","url":"/api/grok/grok/client-error"}
{"level":"error","message":"404 Not Found","method":"POST","timestamp":"2025-05-04T04:52:05.024Z","url":"/api/grok/grok/client-error"}
{"level":"error","message":"404 Not Found","method":"POST","timestamp":"2025-05-04T04:52:07.020Z","url":"/api/grok/grok/client-error"}
{"level":"error","message":"404 Not Found","method":"GET","timestamp":"2025-05-04T04:53:04.027Z","url":"/tasks"}
{"level":"error","message":"404 Not Found","method":"POST","timestamp":"2025-05-04T04:53:04.044Z","url":"/api/grok/grok/client-error"}
{"level":"error","message":"404 Not Found","method":"POST","timestamp":"2025-05-04T04:53:05.027Z","url":"/api/grok/grok/client-error"}
{"level":"error","message":"404 Not Found","method":"POST","timestamp":"2025-05-04T04:53:07.020Z","url":"/api/grok/grok/client-error"}
{"level":"error","message":"404 Not Found","method":"GET","timestamp":"2025-05-04T04:54:04.035Z","url":"/tasks"}
{"level":"error","message":"404 Not Found","method":"POST","timestamp":"2025-05-04T04:54:04.066Z","url":"/api/grok/grok/client-error"}
{"level":"error","message":"404 Not Found","method":"POST","timestamp":"2025-05-04T04:54:05.015Z","url":"/api/grok/grok/client-error"}
{"level":"error","message":"404 Not Found","method":"POST","timestamp":"2025-05-04T04:54:07.030Z","url":"/api/grok/grok/client-error"}
{"level":"error","message":"404 Not Found","method":"GET","timestamp":"2025-05-04T04:55:04.040Z","url":"/tasks"}
{"level":"error","message":"404 Not Found","method":"POST","timestamp":"2025-05-04T04:55:04.057Z","url":"/api/grok/grok/client-error"}
{"level":"error","message":"404 Not Found","method":"POST","timestamp":"2025-05-04T04:55:05.023Z","url":"/api/grok/grok/client-error"}
{"level":"error","message":"404 Not Found","method":"POST","timestamp":"2025-05-04T04:55:07.024Z","url":"/api/grok/grok/client-error"}
{"level":"error","message":"404 Not Found","method":"GET","timestamp":"2025-05-04T04:56:04.030Z","url":"/tasks"}
{"level":"error","message":"404 Not Found","method":"POST","timestamp":"2025-05-04T04:56:04.047Z","url":"/api/grok/grok/client-error"}
{"level":"error","message":"404 Not Found","method":"POST","timestamp":"2025-05-04T04:56:05.027Z","url":"/api/grok/grok/client-error"}
{"level":"error","message":"404 Not Found","method":"POST","timestamp":"2025-05-04T04:56:07.027Z","url":"/api/grok/grok/client-error"}
{"level":"error","message":"404 Not Found","method":"GET","timestamp":"2025-05-04T04:57:04.027Z","url":"/tasks"}
{"level":"error","message":"404 Not Found","method":"POST","timestamp":"2025-05-04T04:57:04.045Z","url":"/api/grok/grok/client-error"}
{"level":"error","message":"404 Not Found","method":"POST","timestamp":"2025-05-04T04:57:05.015Z","url":"/api/grok/grok/client-error"}
{"level":"error","message":"404 Not Found","method":"POST","timestamp":"2025-05-04T04:57:07.027Z","url":"/api/grok/grok/client-error"}
{"level":"error","message":"404 Not Found","method":"GET","timestamp":"2025-05-04T04:58:04.032Z","url":"/tasks"}
{"level":"error","message":"404 Not Found","method":"POST","timestamp":"2025-05-04T04:58:04.047Z","url":"/api/grok/grok/client-error"}
{"level":"error","message":"404 Not Found","method":"POST","timestamp":"2025-05-04T04:58:05.019Z","url":"/api/grok/grok/client-error"}
{"level":"error","message":"404 Not Found","method":"POST","timestamp":"2025-05-04T04:58:07.024Z","url":"/api/grok/grok/client-error"}
{"level":"error","message":"404 Not Found","method":"GET","timestamp":"2025-05-04T04:59:04.022Z","url":"/tasks"}
{"level":"error","message":"404 Not Found","method":"POST","timestamp":"2025-05-04T04:59:04.056Z","url":"/api/grok/grok/client-error"}
{"level":"error","message":"404 Not Found","method":"POST","timestamp":"2025-05-04T04:59:05.026Z","url":"/api/grok/grok/client-error"}
{"level":"error","message":"404 Not Found","method":"POST","timestamp":"2025-05-04T04:59:07.028Z","url":"/api/grok/grok/client-error"}
{"level":"error","message":"404 Not Found","method":"GET","timestamp":"2025-05-04T05:00:04.031Z","url":"/tasks"}
{"level":"error","message":"404 Not Found","method":"POST","timestamp":"2025-05-04T05:00:04.048Z","url":"/api/grok/grok/client-error"}
{"level":"error","message":"404 Not Found","method":"POST","timestamp":"2025-05-04T05:00:05.020Z","url":"/api/grok/grok/client-error"}
{"level":"error","message":"404 Not Found","method":"POST","timestamp":"2025-05-04T05:00:07.025Z","url":"/api/grok/grok/client-error"}
{"level":"error","message":"404 Not Found","method":"GET","timestamp":"2025-05-04T05:01:04.043Z","url":"/tasks"}
{"level":"error","message":"404 Not Found","method":"POST","timestamp":"2025-05-04T05:01:04.065Z","url":"/api/grok/grok/client-error"}
{"level":"error","message":"404 Not Found","method":"POST","timestamp":"2025-05-04T05:01:05.015Z","url":"/api/grok/grok/client-error"}
{"level":"error","message":"404 Not Found","method":"POST","timestamp":"2025-05-04T05:01:07.014Z","url":"/api/grok/grok/client-error"}
{"level":"error","message":"404 Not Found","method":"GET","timestamp":"2025-05-04T05:02:04.037Z","url":"/tasks"}
{"level":"error","message":"404 Not Found","method":"POST","timestamp":"2025-05-04T05:02:04.052Z","url":"/api/grok/grok/client-error"}
{"level":"error","message":"404 Not Found","method":"POST","timestamp":"2025-05-04T05:02:05.012Z","url":"/api/grok/grok/client-error"}
{"level":"error","message":"404 Not Found","method":"POST","timestamp":"2025-05-04T05:02:07.027Z","url":"/api/grok/grok/client-error"}
{"level":"error","message":"404 Not Found","method":"GET","timestamp":"2025-05-04T05:03:04.030Z","url":"/tasks"}
{"level":"error","message":"404 Not Found","method":"POST","timestamp":"2025-05-04T05:03:04.046Z","url":"/api/grok/grok/client-error"}
{"level":"error","message":"404 Not Found","method":"POST","timestamp":"2025-05-04T05:03:05.022Z","url":"/api/grok/grok/client-error"}
{"level":"error","message":"404 Not Found","method":"POST","timestamp":"2025-05-04T05:03:07.021Z","url":"/api/grok/grok/client-error"}
{"level":"error","message":"404 Not Found","method":"GET","timestamp":"2025-05-04T05:04:04.044Z","url":"/tasks"}
{"level":"error","message":"404 Not Found","method":"POST","timestamp":"2025-05-04T05:04:04.075Z","url":"/api/grok/grok/client-error"}
{"level":"error","message":"404 Not Found","method":"POST","timestamp":"2025-05-04T05:04:05.023Z","url":"/api/grok/grok/client-error"}
{"level":"error","message":"404 Not Found","method":"POST","timestamp":"2025-05-04T05:04:07.023Z","url":"/api/grok/grok/client-error"}
{"level":"error","message":"404 Not Found","method":"GET","timestamp":"2025-05-04T05:05:04.035Z","url":"/tasks"}
{"level":"error","message":"404 Not Found","method":"POST","timestamp":"2025-05-04T05:05:04.050Z","url":"/api/grok/grok/client-error"}
{"level":"error","message":"404 Not Found","method":"POST","timestamp":"2025-05-04T05:05:05.022Z","url":"/api/grok/grok/client-error"}
{"level":"error","message":"404 Not Found","method":"POST","timestamp":"2025-05-04T05:05:07.022Z","url":"/api/grok/grok/client-error"}
{"level":"error","message":"404 Not Found","method":"GET","timestamp":"2025-05-04T05:06:04.027Z","url":"/tasks"}
{"level":"error","message":"404 Not Found","method":"POST","timestamp":"2025-05-04T05:06:04.047Z","url":"/api/grok/grok/client-error"}
{"level":"error","message":"404 Not Found","method":"POST","timestamp":"2025-05-04T05:06:05.022Z","url":"/api/grok/grok/client-error"}
{"level":"error","message":"404 Not Found","method":"POST","timestamp":"2025-05-04T05:06:07.020Z","url":"/api/grok/grok/client-error"}
{"level":"error","message":"404 Not Found","method":"GET","timestamp":"2025-05-04T05:07:04.039Z","url":"/tasks"}
{"level":"error","message":"404 Not Found","method":"POST","timestamp":"2025-05-04T05:07:04.055Z","url":"/api/grok/grok/client-error"}
{"level":"error","message":"404 Not Found","method":"POST","timestamp":"2025-05-04T05:07:05.022Z","url":"/api/grok/grok/client-error"}
{"level":"error","message":"404 Not Found","method":"POST","timestamp":"2025-05-04T05:07:07.014Z","url":"/api/grok/grok/client-error"}
{"level":"error","message":"404 Not Found","method":"GET","timestamp":"2025-05-04T05:07:37.510Z","url":"/tasks"}
{"level":"error","message":"404 Not Found","method":"POST","timestamp":"2025-05-04T05:07:37.572Z","url":"/api/grok/grok/client-error"}
{"level":"error","message":"404 Not Found","method":"POST","timestamp":"2025-05-04T05:07:38.978Z","url":"/api/grok/grok/client-error"}
{"level":"error","message":"404 Not Found","method":"POST","timestamp":"2025-05-04T05:07:39.488Z","url":"/api/grok/grok/client-error"}
{"level":"error","message":"404 Not Found","method":"POST","timestamp":"2025-05-04T05:07:40.500Z","url":"/api/grok/grok/client-error"}
{"level":"error","message":"404 Not Found","method":"POST","timestamp":"2025-05-04T05:07:46.443Z","url":"/api/grok/grok/client-error"}
{"level":"error","message":"404 Not Found","method":"POST","timestamp":"2025-05-04T05:07:46.954Z","url":"/api/grok/grok/client-error"}
{"level":"error","message":"404 Not Found","method":"POST","timestamp":"2025-05-04T05:07:47.981Z","url":"/api/grok/grok/client-error"}
{"level":"error","message":"404 Not Found","method":"POST","timestamp":"2025-05-04T05:09:04.475Z","url":"/api/grok/auth/login"}
{"level":"error","message":"404 Not Found","method":"POST","timestamp":"2025-05-04T05:09:14.551Z","url":"/api/grok/grok/client-error"}
{"level":"error","message":"404 Not Found","method":"POST","timestamp":"2025-05-04T05:09:16.028Z","url":"/api/grok/grok/client-error"}
{"level":"error","message":"404 Not Found","method":"POST","timestamp":"2025-05-04T05:09:18.023Z","url":"/api/grok/grok/client-error"}
{"level":"error","message":"404 Not Found","method":"POST","timestamp":"2025-05-04T05:11:16.789Z","url":"/api/grok/auth/login"}
{"level":"error","message":"404 Not Found","method":"POST","timestamp":"2025-05-04T05:11:26.852Z","url":"/api/grok/grok/client-error"}
{"level":"error","message":"404 Not Found","method":"POST","timestamp":"2025-05-04T05:11:27.376Z","url":"/api/grok/grok/client-error"}
{"level":"error","message":"404 Not Found","method":"POST","timestamp":"2025-05-04T05:11:28.384Z","url":"/api/grok/grok/client-error"}
{"level":"error","message":"404 Not Found","method":"POST","timestamp":"2025-05-04T05:22:32.243Z","url":"/api/grok/grok/client-error"}
{"level":"error","message":"404 Not Found","method":"POST","timestamp":"2025-05-04T05:22:32.777Z","url":"/api/grok/grok/client-error"}
{"level":"error","message":"404 Not Found","method":"POST","timestamp":"2025-05-04T05:22:33.796Z","url":"/api/grok/grok/client-error"}
{"level":"error","message":"404 Not Found","method":"POST","timestamp":"2025-05-04T05:22:40.213Z","url":"/api/grok/grok/client-error"}
{"level":"error","message":"404 Not Found","method":"POST","timestamp":"2025-05-04T05:22:40.731Z","url":"/api/grok/grok/client-error"}
{"level":"error","message":"404 Not Found","method":"POST","timestamp":"2025-05-04T05:22:41.742Z","url":"/api/grok/grok/client-error"}
{"level":"error","message":"404 Not Found","method":"POST","timestamp":"2025-05-04T05:24:47.615Z","url":"/api/grok/auth/login"}
{"level":"error","message":"404 Not Found","method":"POST","timestamp":"2025-05-04T05:24:53.753Z","url":"/api/grok/auth/login"}
{"level":"error","message":"404 Not Found","method":"POST","timestamp":"2025-05-04T05:24:57.686Z","url":"/api/grok/grok/client-error"}
{"level":"error","message":"404 Not Found","method":"POST","timestamp":"2025-05-04T05:24:58.204Z","url":"/api/grok/grok/client-error"}
{"level":"error","message":"404 Not Found","method":"POST","timestamp":"2025-05-04T05:24:59.212Z","url":"/api/grok/grok/client-error"}
{"level":"error","message":"404 Not Found","method":"POST","timestamp":"2025-05-04T05:25:03.833Z","url":"/api/grok/grok/client-error"}
{"level":"error","message":"404 Not Found","method":"POST","timestamp":"2025-05-04T05:25:04.348Z","url":"/api/grok/grok/client-error"}
{"level":"error","message":"404 Not Found","method":"POST","timestamp":"2025-05-04T05:25:05.354Z","url":"/api/grok/grok/client-error"}
{"level":"error","message":"404 Not Found","method":"POST","timestamp":"2025-05-04T15:27:43.057Z","url":"/api/grok/grok/client-error"}
{"level":"error","message":"404 Not Found","method":"POST","timestamp":"2025-05-04T15:27:44.022Z","url":"/api/grok/grok/client-error"}
{"level":"error","message":"404 Not Found","method":"POST","timestamp":"2025-05-04T15:27:46.018Z","url":"/api/grok/grok/client-error"}
{"level":"error","message":"404 Not Found","method":"POST","timestamp":"2025-05-04T16:37:15.764Z","url":"/api/grok/grok/client-error"}
{"level":"error","message":"404 Not Found","method":"POST","timestamp":"2025-05-04T16:37:17.053Z","url":"/api/grok/grok/client-error"}
{"level":"error","message":"404 Not Found","method":"POST","timestamp":"2025-05-04T16:37:19.020Z","url":"/api/grok/grok/client-error"}
{"level":"error","message":"404 Not Found","method":"POST","timestamp":"2025-05-04T22:36:16.074Z","url":"/api/grok/grok/client-error"}
{"level":"error","message":"404 Not Found","method":"POST","timestamp":"2025-05-04T22:36:17.028Z","url":"/api/grok/grok/client-error"}
{"level":"error","message":"404 Not Found","method":"POST","timestamp":"2025-05-04T22:36:19.025Z","url":"/api/grok/grok/client-error"}
{"level":"error","message":"Server Error: Unexpected token ''', \"'{prompt:C\"... is not valid JSON","method":"POST","stack":"SyntaxError: Unexpected token ''', \"'{prompt:C\"... is not valid JSON\n    at JSON.parse (<anonymous>)\n    at createStrictSyntaxError (C:\\Users\\nthorpe\\Desktop\\crm\\idurar-erp-crm\\backend\\node_modules\\body-parser\\lib\\types\\json.js:156:10)\n    at parse (C:\\Users\\nthorpe\\Desktop\\crm\\idurar-erp-crm\\backend\\node_modules\\body-parser\\lib\\types\\json.js:71:15)\n    at C:\\Users\\nthorpe\\Desktop\\crm\\idurar-erp-crm\\backend\\node_modules\\body-parser\\lib\\read.js:123:18\n    at AsyncResource.runInAsyncScope (node:async_hooks:206:9)\n    at invokeCallback (C:\\Users\\nthorpe\\Desktop\\crm\\idurar-erp-crm\\backend\\node_modules\\raw-body\\index.js:238:16)\n    at done (C:\\Users\\nthorpe\\Desktop\\crm\\idurar-erp-crm\\backend\\node_modules\\raw-body\\index.js:227:7)\n    at IncomingMessage.onEnd (C:\\Users\\nthorpe\\Desktop\\crm\\idurar-erp-crm\\backend\\node_modules\\raw-body\\index.js:287:7)\n    at IncomingMessage.emit (node:events:514:28)\n    at endReadableNT (node:internal/streams/readable:1408:12)","status":400,"timestamp":"2025-05-04T22:36:49.802Z","url":"/api/grok/edit"}
{"level":"error","message":"404 Not Found","method":"POST","timestamp":"2025-05-04T22:37:20.819Z","url":"/api/grok/grok/client-error"}
{"level":"error","message":"404 Not Found","method":"POST","timestamp":"2025-05-04T22:37:20.829Z","url":"/api/grok/grok/client-error"}
{"level":"error","message":"404 Not Found","method":"POST","timestamp":"2025-05-04T22:37:20.834Z","url":"/api/grok/grok/client-error"}
{"level":"error","message":"404 Not Found","method":"POST","timestamp":"2025-05-04T22:37:21.337Z","url":"/api/grok/grok/client-error"}
{"level":"error","message":"404 Not Found","method":"POST","timestamp":"2025-05-04T22:37:21.345Z","url":"/api/grok/grok/client-error"}
{"level":"error","message":"404 Not Found","method":"POST","timestamp":"2025-05-04T22:37:21.356Z","url":"/api/grok/grok/client-error"}
{"level":"error","message":"404 Not Found","method":"POST","timestamp":"2025-05-04T22:37:22.352Z","url":"/api/grok/grok/client-error"}
{"level":"error","message":"404 Not Found","method":"POST","timestamp":"2025-05-04T22:37:22.354Z","url":"/api/grok/grok/client-error"}
{"level":"error","message":"404 Not Found","method":"POST","timestamp":"2025-05-04T22:37:22.362Z","url":"/api/grok/grok/client-error"}
{"level":"error","message":"404 Not Found","method":"POST","timestamp":"2025-05-04T22:37:24.999Z","url":"/api/grok/grok/client-error"}
{"level":"error","message":"404 Not Found","method":"POST","timestamp":"2025-05-04T22:37:25.001Z","url":"/api/grok/grok/client-error"}
{"level":"error","message":"404 Not Found","method":"POST","timestamp":"2025-05-04T22:37:25.511Z","url":"/api/grok/grok/client-error"}
{"level":"error","message":"404 Not Found","method":"POST","timestamp":"2025-05-04T22:37:25.513Z","url":"/api/grok/grok/client-error"}
{"level":"error","message":"404 Not Found","method":"POST","timestamp":"2025-05-04T22:37:26.525Z","url":"/api/grok/grok/client-error"}
{"level":"error","message":"404 Not Found","method":"POST","timestamp":"2025-05-04T22:37:26.527Z","url":"/api/grok/grok/client-error"}
{"level":"error","message":"404 Not Found","method":"POST","timestamp":"2025-05-04T22:55:38.597Z","url":"/api/grok/grok/client-error"}
{"level":"error","message":"404 Not Found","method":"POST","timestamp":"2025-05-04T22:55:38.599Z","url":"/api/grok/grok/client-error"}
{"level":"error","message":"404 Not Found","method":"POST","timestamp":"2025-05-04T22:55:39.106Z","url":"/api/grok/grok/client-error"}
{"level":"error","message":"404 Not Found","method":"POST","timestamp":"2025-05-04T22:55:39.109Z","url":"/api/grok/grok/client-error"}
{"level":"error","message":"404 Not Found","method":"POST","timestamp":"2025-05-04T22:55:40.117Z","url":"/api/grok/grok/client-error"}
{"level":"error","message":"404 Not Found","method":"POST","timestamp":"2025-05-04T22:55:40.118Z","url":"/api/grok/grok/client-error"}
{"level":"error","message":"404 Not Found","method":"POST","timestamp":"2025-05-04T22:55:44.639Z","url":"/api/grok/grok/client-error"}
{"level":"error","message":"404 Not Found","method":"POST","timestamp":"2025-05-04T22:55:44.647Z","url":"/api/grok/grok/client-error"}
{"level":"error","message":"404 Not Found","method":"POST","timestamp":"2025-05-04T22:55:44.658Z","url":"/api/grok/grok/client-error"}
{"level":"error","message":"404 Not Found","method":"POST","timestamp":"2025-05-04T22:55:45.162Z","url":"/api/grok/grok/client-error"}
{"level":"error","message":"404 Not Found","method":"POST","timestamp":"2025-05-04T22:55:45.176Z","url":"/api/grok/grok/client-error"}
{"level":"error","message":"404 Not Found","method":"POST","timestamp":"2025-05-04T22:55:45.177Z","url":"/api/grok/grok/client-error"}
{"level":"error","message":"404 Not Found","method":"POST","timestamp":"2025-05-04T22:55:46.170Z","url":"/api/grok/grok/client-error"}
{"level":"error","message":"404 Not Found","method":"POST","timestamp":"2025-05-04T22:55:46.188Z","url":"/api/grok/grok/client-error"}
{"level":"error","message":"404 Not Found","method":"POST","timestamp":"2025-05-04T22:55:46.189Z","url":"/api/grok/grok/client-error"}
{"level":"error","message":"404 Not Found","method":"POST","timestamp":"2025-05-04T23:07:55.593Z","url":"/api/grok/grok/client-error"}
{"level":"error","message":"404 Not Found","method":"POST","timestamp":"2025-05-04T23:07:56.102Z","url":"/api/grok/grok/client-error"}
{"level":"error","message":"404 Not Found","method":"POST","timestamp":"2025-05-04T23:07:56.813Z","url":"/api/grok/grok/client-error"}
{"level":"error","message":"404 Not Found","method":"POST","timestamp":"2025-05-04T23:07:57.323Z","url":"/api/grok/grok/client-error"}
{"level":"error","message":"404 Not Found","method":"POST","timestamp":"2025-05-04T23:07:58.344Z","url":"/api/grok/grok/client-error"}
{"level":"error","message":"404 Not Found","method":"POST","timestamp":"2025-05-04T23:08:20.209Z","url":"/api/grok/auth/login"}
{"level":"error","message":"404 Not Found","method":"POST","timestamp":"2025-05-04T23:08:30.301Z","url":"/api/grok/grok/client-error"}
{"level":"error","message":"404 Not Found","method":"POST","timestamp":"2025-05-04T23:08:30.303Z","url":"/api/grok/grok/client-error"}
{"level":"error","message":"404 Not Found","method":"POST","timestamp":"2025-05-04T23:08:31.014Z","url":"/api/grok/grok/client-error"}
{"level":"error","message":"404 Not Found","method":"POST","timestamp":"2025-05-04T23:08:31.015Z","url":"/api/grok/grok/client-error"}
{"level":"error","message":"404 Not Found","method":"POST","timestamp":"2025-05-04T23:08:32.657Z","url":"/api/grok/grok/client-error"}
{"level":"error","message":"404 Not Found","method":"POST","timestamp":"2025-05-04T23:08:32.659Z","url":"/api/grok/grok/client-error"}
